<?xml version="1.0" encoding="UTF-8"?>
<!-- Generated by org.testng.reporters.JUnitReportReporter -->
<testsuite skipped="0" hostname="DESKTOP-BD2581E" name="Data" tests="3" failures="0" timestamp="22 Oct 2020 20:02:31 GMT" time="20.710" errors="0">
  <testcase name="f" time="8.117" classname="Data"/>
  <testcase name="f" time="5.883" classname="Data"/>
  <testcase name="f" time="6.710" classname="Data"/>
</testsuite> <!-- Data -->
